<?xml version="1.0" encoding="UTF-8"?>
<!-- Generated by org.testng.reporters.JUnitReportReporter -->
<testsuite hostname="LAPTOP-OLV808IP" failures="0" tests="1" name="scripts.actiLoginScript" time="12.390" errors="0" timestamp="2022-09-30T10:05:18 IST" skipped="0">
  <testcase classname="scripts.actiLoginScript" name="actiLoginScript" time="12.390"/>
  <system-out/>
</testsuite> <!-- scripts.actiLoginScript -->
