<?xml version="1.0" encoding="UTF-8"?>
<!-- Generated by org.testng.reporters.JUnitReportReporter -->
<testsuite hostname="LAPTOP-OLV808IP" failures="0" tests="4" name="testNg_programs.p13" time="56.276" errors="0" timestamp="2022-09-23T09:08:53 IST" skipped="0">
  <testcase classname="testNg_programs.p13" name="actiloginScript" time="13.598"/>
  <system-out/>
  <testcase classname="testNg_programs.p13" name="actiloginScript" time="14.669"/>
  <system-out/>
  <testcase classname="testNg_programs.p13" name="actiloginScript" time="13.622"/>
  <system-out/>
  <testcase classname="testNg_programs.p13" name="actiloginScript" time="14.387"/>
  <system-out/>
</testsuite> <!-- testNg_programs.p13 -->
