<?xml version="1.0" encoding="UTF-8"?>
<!-- Generated by org.testng.reporters.JUnitReportReporter -->
<testsuite skipped="0" hostname="LAPTOP-OLV808IP" name="testNg_programs.p5" tests="1" failures="0" timestamp="2022-11-01T17:47:11 IST" time="0.014" errors="0">
  <testcase name="demo" time="0.014" classname="testNg_programs.p5"/>
  <system-out/>
</testsuite> <!-- testNg_programs.p5 -->
