<?xml version="1.0" encoding="UTF-8"?>
<!-- Generated by org.testng.reporters.JUnitReportReporter -->
<testsuite hostname="LAPTOP-OLV808IP" failures="0" tests="4" name="testNg_programs.p12" time="0.019" errors="0" timestamp="2022-09-22T09:45:34 IST" skipped="0">
  <testcase classname="testNg_programs.p12" name="script" time="0.001"/>
  <system-out/>
  <testcase classname="testNg_programs.p12" name="script" time="0.003"/>
  <system-out/>
  <testcase classname="testNg_programs.p12" name="script" time="0.013"/>
  <system-out/>
  <testcase classname="testNg_programs.p12" name="script" time="0.002"/>
  <system-out/>
</testsuite> <!-- testNg_programs.p12 -->
