<?xml version="1.0" encoding="UTF-8"?>
<!-- Generated by org.testng.reporters.JUnitReportReporter -->
<testsuite skipped="0" hostname="LAPTOP-OLV808IP" name="testNg_programs.p1" tests="1" failures="0" timestamp="2022-11-01T16:59:11 IST" time="0.020" errors="0">
  <testcase name="script" time="0.020" classname="testNg_programs.p1"/>
  <system-out/>
</testsuite> <!-- testNg_programs.p1 -->
