<?xml version="1.0" encoding="UTF-8"?>
<!-- Generated by org.testng.reporters.JUnitReportReporter -->
<testsuite skipped="0" hostname="LAPTOP-OLV808IP" name="testNg_programs.k2" tests="1" failures="0" timestamp="2022-11-01T18:20:49 IST" time="0.008" errors="0">
  <testcase name="match" time="0.008" classname="testNg_programs.k2"/>
  <system-out/>
</testsuite> <!-- testNg_programs.k2 -->
