<?xml version="1.0" encoding="UTF-8"?>
<!-- Generated by org.testng.reporters.JUnitReportReporter -->
<testsuite hostname="LAPTOP-OLV808IP" failures="0" tests="1" name="testNg_programs.p2" time="29.768" errors="0" timestamp="2022-09-19T09:21:59 IST" skipped="0">
  <testcase classname="testNg_programs.p2" name="actiLoginScript" time="29.768"/>
  <system-out/>
</testsuite> <!-- testNg_programs.p2 -->
