<?xml version="1.0" encoding="UTF-8"?>
<!-- Generated by org.testng.reporters.JUnitReportReporter -->
<testsuite hostname="LAPTOP-OLV808IP" failures="0" tests="1" name="testNg_programs.actiLogin" time="12.439" errors="0" timestamp="2022-09-20T09:01:42 IST" skipped="0">
  <testcase classname="testNg_programs.actiLogin" name="actiLoginScript" time="12.439"/>
  <system-out/>
</testsuite> <!-- testNg_programs.actiLogin -->
