<?xml version="1.0" encoding="UTF-8"?>
<!-- Generated by org.testng.reporters.JUnitReportReporter -->
<testsuite hostname="LAPTOP-OLV808IP" failures="0" tests="1" name="testNg_programs.actilogin2" time="8.945" errors="0" timestamp="2022-09-20T09:30:14 IST" skipped="0">
  <testcase classname="testNg_programs.actilogin2" name="actiLoginScript" time="8.945"/>
  <system-out/>
</testsuite> <!-- testNg_programs.actilogin2 -->
