<?xml version="1.0" encoding="UTF-8"?>
<!-- Generated by org.testng.reporters.JUnitReportReporter -->
<testsuite hostname="LAPTOP-OLV808IP" failures="0" tests="1" name="testNg_programs.p15" time="16.039" errors="0" timestamp="2022-09-23T10:02:22 IST" skipped="0">
  <testcase classname="testNg_programs.p15" name="actiLoginScript" time="16.039"/>
  <system-out/>
</testsuite> <!-- testNg_programs.p15 -->
