<?xml version="1.0" encoding="UTF-8"?>
<!-- Generated by org.testng.reporters.JUnitReportReporter -->
<testsuite skipped="0" hostname="LAPTOP-OLV808IP" name="testNg_programs.p22" tests="9" failures="0" timestamp="2022-11-01T18:33:49 IST" time="0.017" errors="0">
  <testcase name="myntrascript" time="0.008" classname="testNg_programs.p22"/>
  <system-out/>
  <testcase name="myntrascript" time="0.001" classname="testNg_programs.p22"/>
  <system-out/>
  <testcase name="myntrascript" time="0.001" classname="testNg_programs.p22"/>
  <system-out/>
  <testcase name="fbscript" time="0.001" classname="testNg_programs.p22"/>
  <system-out/>
  <testcase name="actiscript" time="0.001" classname="testNg_programs.p22"/>
  <system-out/>
  <testcase name="fbscript" time="0.001" classname="testNg_programs.p22"/>
  <system-out/>
  <testcase name="actiscript" time="0.001" classname="testNg_programs.p22"/>
  <system-out/>
  <testcase name="actiscript" time="0.002" classname="testNg_programs.p22"/>
  <system-out/>
  <testcase name="actiscript" time="0.001" classname="testNg_programs.p22"/>
  <system-out/>
</testsuite> <!-- testNg_programs.p22 -->
