<?xml version="1.0" encoding="UTF-8"?>
<!-- Generated by org.testng.reporters.JUnitReportReporter -->
<testsuite skipped="0" hostname="LAPTOP-OLV808IP" name="testNg_programs.p4" tests="2" failures="0" timestamp="2022-11-01T17:04:42 IST" time="17.957" errors="0">
  <testcase name="fbLoginScripts" time="5.235" classname="testNg_programs.p4"/>
  <system-out/>
  <testcase name="actiLoginScript" time="12.722" classname="testNg_programs.p4"/>
  <system-out/>
</testsuite> <!-- testNg_programs.p4 -->
