<?xml version="1.0" encoding="UTF-8"?>
<!-- Generated by org.testng.reporters.JUnitReportReporter -->
<testsuite skipped="0" hostname="LAPTOP-OLV808IP" name="testNg_practice.k1" tests="9" failures="0" timestamp="2022-11-01T19:34:11 IST" time="0.016" errors="0">
  <testcase name="method3" time="0.008" classname="testNg_practice.k1"/>
  <system-out/>
  <testcase name="method3" time="0.001" classname="testNg_practice.k1"/>
  <system-out/>
  <testcase name="method3" time="0.001" classname="testNg_practice.k1"/>
  <system-out/>
  <testcase name="method3" time="0.001" classname="testNg_practice.k1"/>
  <system-out/>
  <testcase name="method2" time="0.001" classname="testNg_practice.k1"/>
  <system-out/>
  <testcase name="method2" time="0.001" classname="testNg_practice.k1"/>
  <system-out/>
  <testcase name="method1" time="0.001" classname="testNg_practice.k1"/>
  <system-out/>
  <testcase name="method1" time="0.001" classname="testNg_practice.k1"/>
  <system-out/>
  <testcase name="method1" time="0.001" classname="testNg_practice.k1"/>
  <system-out/>
</testsuite> <!-- testNg_practice.k1 -->
