<?xml version="1.0" encoding="UTF-8"?>
<!-- Generated by org.testng.reporters.JUnitReportReporter -->
<testsuite hostname="LAPTOP-OLV808IP" failures="0" tests="1" name="testNg_programs.fbLogin" time="3.932" errors="0" timestamp="2022-09-20T09:01:42 IST" skipped="0">
  <testcase classname="testNg_programs.fbLogin" name="fbLoginScripts" time="3.932"/>
  <system-out/>
</testsuite> <!-- testNg_programs.fbLogin -->
