<?xml version="1.0" encoding="UTF-8"?>
<!-- Generated by org.testng.reporters.JUnitReportReporter -->
<testsuite hostname="LAPTOP-OLV808IP" failures="0" tests="1" name="testNg_programs.p14" time="27.866" errors="0" timestamp="2022-09-23T09:29:38 IST" skipped="0">
  <testcase classname="testNg_programs.p14" name="adduserscript" time="27.866"/>
  <system-out/>
</testsuite> <!-- testNg_programs.p14 -->
