<?xml version="1.0" encoding="UTF-8"?>
<!-- Generated by org.testng.reporters.JUnitReportReporter -->
<testsuite hostname="LAPTOP-OLV808IP" failures="0" tests="2" name="testNg_programs.p3" time="57.075" errors="0" timestamp="2022-09-19T09:35:02 IST" skipped="0">
  <testcase classname="testNg_programs.p3" name="actiLoginScript" time="46.709"/>
  <system-out/>
  <testcase classname="testNg_programs.p3" name="fbLoginScripts" time="10.366"/>
  <system-out/>
</testsuite> <!-- testNg_programs.p3 -->
