<?xml version="1.0" encoding="UTF-8"?>
<!-- Generated by org.testng.reporters.JUnitReportReporter -->
<testsuite skipped="0" hostname="LAPTOP-OLV808IP" name="testNg_programs.k1" tests="1" failures="0" timestamp="2022-11-01T17:41:39 IST" time="49.462" errors="0">
  <testcase name="FlipkartScript" time="49.462" classname="testNg_programs.k1"/>
  <system-out/>
</testsuite> <!-- testNg_programs.k1 -->
