<?xml version="1.0" encoding="UTF-8"?>
<!-- Generated by org.testng.reporters.JUnitReportReporter -->
<testsuite skipped="0" hostname="LAPTOP-OLV808IP" name="testNg_practice.k3" tests="5" failures="0" timestamp="2022-11-01T20:21:01 IST" time="0.036" errors="0">
  <testcase name="method2" time="0.026" classname="testNg_practice.k3"/>
  <system-out/>
  <testcase name="method3" time="0.002" classname="testNg_practice.k3"/>
  <system-out/>
  <testcase name="method6" time="0.002" classname="testNg_practice.k3"/>
  <system-out/>
  <testcase name="method7" time="0.002" classname="testNg_practice.k3"/>
  <system-out/>
  <testcase name="method5" time="0.004" classname="testNg_practice.k3"/>
  <system-out/>
</testsuite> <!-- testNg_practice.k3 -->
