<?xml version="1.0" encoding="UTF-8"?>
<!-- Generated by org.testng.reporters.JUnitReportReporter -->
<testsuite skipped="0" hostname="LAPTOP-OLV808IP" name="testNg_programs.p20" tests="3" failures="0" timestamp="2022-11-01T18:31:18 IST" time="0.011" errors="0">
  <testcase name="actiscript" time="0.009" classname="testNg_programs.p20"/>
  <system-out/>
  <testcase name="fbscript" time="0.001" classname="testNg_programs.p20"/>
  <system-out/>
  <testcase name="myntrascript" time="0.001" classname="testNg_programs.p20"/>
  <system-out/>
</testsuite> <!-- testNg_programs.p20 -->
