<?xml version="1.0" encoding="UTF-8"?>
<!-- Generated by org.testng.reporters.JUnitReportReporter -->
<testsuite hostname="LAPTOP-OLV808IP" failures="0" tests="3" name="testNg_programs.p19" time="0.019" errors="0" timestamp="2022-09-24T10:02:18 IST" skipped="0">
  <testcase classname="testNg_programs.p19" name="script2" time="0.001"/>
  <system-out/>
  <testcase classname="testNg_programs.p19" name="script3" time="0.002"/>
  <system-out/>
  <testcase classname="testNg_programs.p19" name="script1" time="0.016"/>
  <system-out/>
</testsuite> <!-- testNg_programs.p19 -->
