<?xml version="1.0" encoding="UTF-8"?>
<!-- Generated by org.testng.reporters.JUnitReportReporter -->
<testsuite hostname="LAPTOP-OLV808IP" failures="0" tests="1" name="testNg_programs.fblogin2" time="2.682" errors="0" timestamp="2022-09-20T09:30:14 IST" skipped="0">
  <testcase classname="testNg_programs.fblogin2" name="fbLoginScripts" time="2.682"/>
  <system-out/>
</testsuite> <!-- testNg_programs.fblogin2 -->
