<?xml version="1.0" encoding="UTF-8"?>
<!-- Generated by org.testng.reporters.JUnitReportReporter -->
<testsuite hostname="LAPTOP-OLV808IP" failures="0" tests="4" name="TestNgPractice.Login" time="25.011" errors="0" timestamp="17 Dec 2022 11:47:12 GMT" skipped="0">
  <testcase classname="TestNgPractice.Login" name="testMethod3" time="5.826"/>
  <testcase classname="TestNgPractice.Login" name="testMethod4" time="6.451"/>
  <testcase classname="TestNgPractice.Login" name="testMethod1" time="6.367"/>
  <testcase classname="TestNgPractice.Login" name="testMethod2" time="6.367"/>
</testsuite> <!-- TestNgPractice.Login -->
