<?xml version="1.0" encoding="UTF-8"?>
<!-- Generated by org.testng.reporters.JUnitReportReporter -->
<testsuite hostname="LAPTOP-OLV808IP" failures="0" tests="2" name="ER.Programs.FirstReport" time="22.503" errors="0" timestamp="16 Dec 2022 13:43:58 GMT" skipped="0">
  <testcase classname="ER.Programs.FirstReport" name="ReportTest1" time="9.746"/>
  <testcase classname="ER.Programs.FirstReport" name="ReportTest" time="12.757"/>
</testsuite> <!-- ER.Programs.FirstReport -->
