<?xml version="1.0" encoding="UTF-8"?>
<!-- Generated by org.testng.reporters.JUnitReportReporter -->
<testsuite skipped="0" hostname="LAPTOP-OLV808IP" name="testNg.Practice.CreateOrganization" tests="1" failures="0" timestamp="2022-11-05T17:26:47 IST" time="15.346" errors="0">
  <testcase name="CreateNewOrganization" time="15.346" classname="testNg.Practice.CreateOrganization"/>
  <system-out/>
</testsuite> <!-- testNg.Practice.CreateOrganization -->
