<?xml version="1.0" encoding="UTF-8"?>
<!-- Generated by org.testng.reporters.JUnitReportReporter -->
<testsuite skipped="0" hostname="LAPTOP-OLV808IP" name="testNg.Practice.DpClass" tests="3" failures="0" timestamp="2022-11-05T20:13:02 IST" time="0.011" errors="0">
  <testcase name="printData" time="0.008" classname="testNg.Practice.DpClass"/>
  <system-out/>
  <testcase name="printData" time="0.001" classname="testNg.Practice.DpClass"/>
  <system-out/>
  <testcase name="printData" time="0.002" classname="testNg.Practice.DpClass"/>
  <system-out/>
</testsuite> <!-- testNg.Practice.DpClass -->
